
WEC-Sim Input From Standard wecSimInputFile.m Of Case Directory... 
WEC-Sim: An open-source code for simulating wave energy converters
Version: 4.4

Initializing the Simulation Class...
	Case Dir: /home/jackson/Documents/LiResearch/Projects/PTO_comparison/investigatePIcontroller/OSWEC 
{Unrecognized field name "simulation_parameters".

Error in <a href="matlab:matlab.internal.language.introspective.errorDocCallback('ptoSimInputFile', '/home/jackson/Documents/LiResearch/Projects/PTO_comparison/investigatePIcontroller/OSWEC/ptoSimInputFile.m', 23)" style="font-weight:bold">ptoSimInputFile</a> (<a href="matlab: opentoline('/home/jackson/Documents/LiResearch/Projects/PTO_comparison/investigatePIcontroller/OSWEC/ptoSimInputFile.m',23,0)">line 23</a>)
w = body(1).hydroData.simulation_parameters.w;

Error in <a href="matlab:matlab.internal.language.introspective.errorDocCallback('initializeWecSim', '/home/jackson/Documents/LiResearch/WEC_SIM/source/functions/initializeWecSim.m', 76)" style="font-weight:bold">initializeWecSim</a> (<a href="matlab: opentoline('/home/jackson/Documents/LiResearch/WEC_SIM/source/functions/initializeWecSim.m',76,0)">line 76</a>)
    ptoSimInputFile

Error in <a href="matlab:matlab.internal.language.introspective.errorDocCallback('run', '/usr/local/MATLAB/R2021b/MATLAB/R2021b/toolbox/matlab/lang/run.m', 91)" style="font-weight:bold">run</a> (<a href="matlab: opentoline('/usr/local/MATLAB/R2021b/MATLAB/R2021b/toolbox/matlab/lang/run.m',91,0)">line 91</a>)
evalin('caller', strcat(script, ';'));

Error in <a href="matlab:matlab.internal.language.introspective.errorDocCallback('wecSim', '/home/jackson/Documents/LiResearch/WEC_SIM/source/wecSim.m', 45)" style="font-weight:bold">wecSim</a> (<a href="matlab: opentoline('/home/jackson/Documents/LiResearch/WEC_SIM/source/wecSim.m',45,0)">line 45</a>)
run('initializeWecSim');
} 
wecSimInputFile
WEC-Sim: An open-source code for simulating wave energy converters
Version: 4.4

Initializing the Simulation Class...
	Case Dir: /home/jackson/Documents/LiResearch/Projects/PTO_comparison/HHEA_WEC/Li_PI_control/OSWEC 
wecSim
WEC-Sim: An open-source code for simulating wave energy converters
Version: 4.4

Initializing the Simulation Class...
	Case Dir: /home/jackson/Documents/LiResearch/Projects/PTO_comparison/HHEA_WEC/Li_PI_control/OSWEC 
